#
# A fatal error has been detected by the Java Runtime Environment:
#
#  SIGSEGV (0xb) at pc=0x000000010b3387f4, pid=61800, tid=16155
#
# JRE version: Java(TM) SE Runtime Environment (7.0_79-b15) (build 1.7.0_79-b15)
# Java VM: Java HotSpot(TM) 64-Bit Server VM (24.79-b02 mixed mode bsd-amd64 compressed oops)
# Problematic frame:
# V  [libjvm.dylib+0x3387f4]  jvmti_IsMethodSynthetic+0xb9
#
# Failed to write core dump. Core dumps have been disabled. To enable core dumping, try "ulimit -c unlimited" before starting Java again
#
# If you would like to submit a bug report, please visit:
#   http://bugreport.java.com/bugreport/crash.jsp
#

---------------  T H R E A D  ---------------

Current thread (0x00007fab94811800):  JavaThread "JDWP Transport Listener: dt_socket" daemon [_thread_in_vm, id=16155, stack(0x0000000116d36000,0x0000000116e36000)]

siginfo:si_signo=SIGSEGV: si_errno=0, si_code=1 (SEGV_MAPERR), si_addr=0x0000000000001c9c

Registers:
RAX=0x0000000000000001, RBX=0x0000000116e35a8b, RCX=0x00000000000fc080, RDX=0x0000000116e35a8b
RSP=0x0000000116e359f0, RBP=0x0000000116e35a40, RSI=0x00007fab94811800, RDI=0x00007fab93e116d0
R8 =0x0000000000000001, R9 =0x00007fab93d00000, R10=0x0000000000000020, R11=0x00007fab93d00000
R12=0x00007fab94811800, R13=0x0000000000001c9c, R14=0x0000000000001c9c, R15=0x00007fab93e116d0
RIP=0x000000010b3387f4, EFLAGS=0x0000000000010206, ERR=0x0000000000000004
  TRAPNO=0x000000000000000e

Top of Stack: (sp=0x0000000116e359f0)
0x0000000116e359f0:   00007fab94811800 0000000000000000
0x0000000116e35a00:   0000000000000000 0000000000000000
0x0000000116e35a10:   00007fab94811800 00007fab94811800
0x0000000116e35a20:   0000000116e35a8b 0000000116e35a90
0x0000000116e35a30:   0000000000001c9c 0000000000000003
0x0000000116e35a40:   0000000116e35a60 000000010bbb61a8
0x0000000116e35a50:   0000000000000001 0000000116e35b08
0x0000000116e35a60:   0000000116e35ad0 000000010bb9afbb
0x0000000116e35a70:   0000000116e35aa0 00007fab93d10eb0
0x0000000116e35a80:   0000000400000032 0000000900e35b08
0x0000000116e35a90:   0000000000000000 0000000000000000
0x0000000116e35aa0:   0000000000000000 0000000116e35c90
0x0000000116e35ab0:   000000010bbbddc2 00007fab93f0ecc0
0x0000000116e35ac0:   0000000116e35b08 000000010bbc9588
0x0000000116e35ad0:   0000000116e35ae0 000000010bb9b0b4
0x0000000116e35ae0:   0000000116e35d00 000000010bba4642
0x0000000116e35af0:   0000257f00000013 00000000000f0200
0x0000000116e35b00:   00007fab93f0d760 0000000116e35c1b
0x0000000116e35b10:   00007fab00000069 0000000116e35b20
0x0000000116e35b20:   00007fab000000c3 0000000116e35b58
0x0000000116e35b30:   0000000000000000 00007f0000000000
0x0000000116e35b40:   0000257f0000000f 00007fff00004080
0x0000000116e35b50:   0000000116e35b58 ab7f000004000000
0x0000000116e35b60:   11000000b8f9e593 496d695364616572
0x0000000116e35b70:   6f734a737475706e 6a4c28150000006e
0x0000000116e35b80:   676e616c2f617661 3b676e697274532f
0x0000000116e35b90:   0000000000005629 c293ab7f00000900
0x0000000116e35ba0:   656714000000b0a8 6554796c69614474
0x0000000116e35bb0:   79426574616c706d 4928120000004449
0x0000000116e35bc0:   54796c6961444c29 3b6574616c706d65
0x0000000116e35bd0:   0a00000000000000 b0f9e593ab7f0000
0x0000000116e35be0:   6461657216000000 6d6554796c696144 

Instructions: (pc=0x000000010b3387f4)
0x000000010b3387d4:   00 00 00 41 f6 87 68 01 00 00 10 75 07 b8 63 00
0x000000010b3387e4:   00 00 eb 7a 4d 85 f6 75 07 b8 17 00 00 00 eb 6e
0x000000010b3387f4:   4d 8b 36 48 b8 fe fe fe fe fe fe fe fe 49 39 c6
0x000000010b338804:   74 e7 4d 85 f6 74 e2 48 8d 05 fe 6b 4d 00 80 38 

Register to memory mapping:

RAX=0x0000000000000001 is an unknown value
RBX=0x0000000116e35a8b is pointing into the stack for thread: 0x00007fab94811800
RCX=0x00000000000fc080 is an unknown value
RDX=0x0000000116e35a8b is pointing into the stack for thread: 0x00007fab94811800
RSP=0x0000000116e359f0 is pointing into the stack for thread: 0x00007fab94811800
RBP=0x0000000116e35a40 is pointing into the stack for thread: 0x00007fab94811800
RSI=0x00007fab94811800 is a thread
RDI=0x00007fab93e116d0 is an unknown value
R8 =0x0000000000000001 is an unknown value
R9 =0x00007fab93d00000 is an unknown value
R10=0x0000000000000020 is an unknown value
R11=0x00007fab93d00000 is an unknown value
R12=0x00007fab94811800 is a thread
R13=0x0000000000001c9c is an unknown value
R14=0x0000000000001c9c is an unknown value
R15=0x00007fab93e116d0 is an unknown value


Stack: [0x0000000116d36000,0x0000000116e36000],  sp=0x0000000116e359f0,  free space=1022k
Native frames: (J=compiled Java code, j=interpreted, Vv=VM code, C=native code)
V  [libjvm.dylib+0x3387f4]  jvmti_IsMethodSynthetic+0xb9
C  [libjdwp.dylib+0x201a8]  isMethodSynthetic+0x63
C  [libjdwp.dylib+0x4fbb]  methods1+0x10b
C  [libjdwp.dylib+0x50b4]  methodsWithGeneric+0xe
C  [libjdwp.dylib+0xe642]  debugLoop_run+0x1ce
C  [libjdwp.dylib+0x1f0e2]  attachThread+0x4d
V  [libjvm.dylib+0x37945a]  JvmtiAgentThread::call_start_function()+0x38
V  [libjvm.dylib+0x4f759d]  JavaThread::thread_main_inner()+0x9b
V  [libjvm.dylib+0x4f8ca5]  JavaThread::run()+0x1a3
V  [libjvm.dylib+0x421c4e]  java_start(Thread*)+0x126
C  [libsystem_pthread.dylib+0x32fc]  _pthread_body+0x83
C  [libsystem_pthread.dylib+0x3279]  _pthread_body+0x0
C  [libsystem_pthread.dylib+0x14b1]  thread_start+0xd


---------------  P R O C E S S  ---------------

Java Threads: ( => current thread )
  0x00007fab95876000 JavaThread "Service Thread" daemon [_thread_blocked, id=18947, stack(0x0000000117428000,0x0000000117528000)]
  0x00007fab9404c800 JavaThread "C2 CompilerThread1" daemon [_thread_blocked, id=18435, stack(0x0000000117325000,0x0000000117425000)]
  0x00007fab9404b800 JavaThread "C2 CompilerThread0" daemon [_thread_blocked, id=17923, stack(0x0000000117222000,0x0000000117322000)]
  0x00007fab94812800 JavaThread "JDWP Command Reader" daemon [_thread_in_native, id=17411, stack(0x0000000116f3c000,0x000000011703c000)]
  0x00007fab94810800 JavaThread "JDWP Event Helper Thread" daemon [_thread_blocked, id=16899, stack(0x0000000116e39000,0x0000000116f39000)]
=>0x00007fab94811800 JavaThread "JDWP Transport Listener: dt_socket" daemon [_thread_in_vm, id=16155, stack(0x0000000116d36000,0x0000000116e36000)]
  0x00007fab94802000 JavaThread "Signal Dispatcher" daemon [_thread_blocked, id=12811, stack(0x0000000116c2d000,0x0000000116d2d000)]
  0x00007fab94014000 JavaThread "Finalizer" daemon [_thread_blocked, id=11523, stack(0x000000011536a000,0x000000011546a000)]
  0x00007fab94013800 JavaThread "Reference Handler" daemon [_thread_blocked, id=11011, stack(0x0000000115267000,0x0000000115367000)]
  0x00007fab9500e800 JavaThread "main" [_thread_blocked, id=4867, stack(0x000000010ba64000,0x000000010bb64000)]

Other Threads:
  0x00007fab94011000 VMThread [stack: 0x0000000115164000,0x0000000115264000] [id=10499]
  0x00007fab9404d000 WatcherThread [stack: 0x000000011752b000,0x000000011762b000] [id=19459]

VM state:not at safepoint (normal execution)

VM Mutex/Monitor currently owned by a thread: None

Heap
 PSYoungGen      total 38912K, used 4080K [0x00000007d5500000, 0x00000007d8000000, 0x0000000800000000)
  eden space 33792K, 12% used [0x00000007d5500000,0x00000007d58fc018,0x00000007d7600000)
  from space 5120K, 0% used [0x00000007d7b00000,0x00000007d7b00000,0x00000007d8000000)
  to   space 5120K, 0% used [0x00000007d7600000,0x00000007d7600000,0x00000007d7b00000)
 ParOldGen       total 87040K, used 0K [0x0000000780000000, 0x0000000785500000, 0x00000007d5500000)
  object space 87040K, 0% used [0x0000000780000000,0x0000000780000000,0x0000000785500000)
 PSPermGen       total 21504K, used 3665K [0x000000077ae00000, 0x000000077c300000, 0x0000000780000000)
  object space 21504K, 17% used [0x000000077ae00000,0x000000077b1947e8,0x000000077c300000)

Card table byte_map: [0x000000010ece4000,0x000000010f10e000] byte_map_base: 0x000000010b10d000

Polling page: 0x000000010a7e2000

Code Cache  [0x000000010bc24000, 0x000000010be94000, 0x000000010ec24000)
 total_blobs=211 nmethods=11 adapters=163 free_code_cache=48742Kb largest_free_block=49896704

Compilation events (10 events):
Event: 0.314 Thread 0x00007fab9404b800 nmethod 6% 0x000000010bc8bd90 code [0x000000010bc8bf20, 0x000000010bc8c418]
Event: 0.314 Thread 0x00007fab9404b800    8             java.lang.String::charAt (29 bytes)
Event: 0.315 Thread 0x00007fab9404b800 nmethod 8 0x000000010bc88d50 code [0x000000010bc88ea0, 0x000000010bc88f98]
Event: 0.315 Thread 0x00007fab9404b800    9             java.io.UnixFileSystem::normalize (75 bytes)
Event: 0.320 Thread 0x00007fab9404c800 nmethod 7 0x000000010bc88390 code [0x000000010bc884e0, 0x000000010bc889d8]
Event: 0.320 Thread 0x00007fab9404c800   10 %           org.json.simple.parser.Yylex::zzUnpackCMap @ 35 (56 bytes)
Event: 0.320 Thread 0x00007fab9404b800 nmethod 9 0x000000010bc8c710 code [0x000000010bc8c880, 0x000000010bc8cb58]
Event: 0.328 Thread 0x00007fab9404c800 nmethod 10% 0x000000010bc89b10 code [0x000000010bc89c80, 0x000000010bc8a098]
Event: 50.806 Thread 0x00007fab9404b800   11             java.lang.String::lastIndexOf (52 bytes)
Event: 50.809 Thread 0x00007fab9404b800 nmethod 11 0x000000010bc89710 code [0x000000010bc89860, 0x000000010bc89a08]

GC Heap History (0 events):
No events

Deoptimization events (0 events):
No events

Internal exceptions (10 events):
Event: 0.324 Thread 0x00007fab9500e800 Threw 0x00000007d57fe660 at /HUDSON/workspace/7u-2-build-macosx-x86_64/jdk7u79/2331/hotspot/src/share/vm/prims/jvm.cpp:1304
Event: 0.325 Thread 0x00007fab9500e800 Threw 0x00000007d5806370 at /HUDSON/workspace/7u-2-build-macosx-x86_64/jdk7u79/2331/hotspot/src/share/vm/prims/jvm.cpp:1304
Event: 0.325 Thread 0x00007fab9500e800 Threw 0x00000007d580aef8 at /HUDSON/workspace/7u-2-build-macosx-x86_64/jdk7u79/2331/hotspot/src/share/vm/prims/jvm.cpp:1304
Event: 0.327 Thread 0x00007fab9500e800 Threw 0x00000007d5810128 at /HUDSON/workspace/7u-2-build-macosx-x86_64/jdk7u79/2331/hotspot/src/share/vm/prims/jvm.cpp:1304
Event: 0.329 Thread 0x00007fab9500e800 Threw 0x00000007d581ba20 at /HUDSON/workspace/7u-2-build-macosx-x86_64/jdk7u79/2331/hotspot/src/share/vm/prims/jvm.cpp:1304
Event: 0.330 Thread 0x00007fab9500e800 Threw 0x00000007d581fc00 at /HUDSON/workspace/7u-2-build-macosx-x86_64/jdk7u79/2331/hotspot/src/share/vm/prims/jvm.cpp:1304
Event: 0.331 Thread 0x00007fab9500e800 Threw 0x00000007d5826320 at /HUDSON/workspace/7u-2-build-macosx-x86_64/jdk7u79/2331/hotspot/src/share/vm/prims/jvm.cpp:1304
Event: 0.337 Thread 0x00007fab9500e800 Threw 0x00000007d584ed08 at /HUDSON/workspace/7u-2-build-macosx-x86_64/jdk7u79/2331/hotspot/src/share/vm/prims/jvm.cpp:1304
Event: 50.805 Thread 0x00007fab9500e800 Threw 0x00000007d58537b0 at /HUDSON/workspace/7u-2-build-macosx-x86_64/jdk7u79/2331/hotspot/src/share/vm/prims/jvm.cpp:1304
Event: 3711.752 Thread 0x00007fab94811800 Threw 0x00000007d55ade60 at /HUDSON/workspace/7u-2-build-macosx-x86_64/jdk7u79/2331/hotspot/src/share/vm/prims/jvm.cpp:1304

Events (10 events):
Event: 3597.639 Executing VM operation: GetOrSetLocal
Event: 3597.639 Executing VM operation: GetOrSetLocal done
Event: 3597.639 Executing VM operation: GetOrSetLocal
Event: 3597.639 Executing VM operation: GetOrSetLocal done
Event: 3711.751 Executing VM operation: ChangeBreakpoints
Event: 3711.751 Executing VM operation: ChangeBreakpoints done
Event: 3711.752 loading class 0x00007fab93c27f20
Event: 3711.752 loading class 0x00007fab93c27f20 done
Event: 3711.755 Executing VM operation: RedefineClasses
Event: 3711.756 Executing VM operation: RedefineClasses done


Dynamic libraries:
0x000000000225a000 	/System/Library/Frameworks/Cocoa.framework/Versions/A/Cocoa
0x000000000225a000 	/System/Library/Frameworks/Security.framework/Versions/A/Security
0x000000000225a000 	/System/Library/Frameworks/ApplicationServices.framework/Versions/A/ApplicationServices
0x000000000225a000 	/usr/lib/libz.1.dylib
0x000000000225a000 	/usr/lib/libSystem.B.dylib
0x000000000225a000 	/usr/lib/libobjc.A.dylib
0x000000000225a000 	/System/Library/Frameworks/CoreFoundation.framework/Versions/A/CoreFoundation
0x000000000225a000 	/System/Library/Frameworks/Foundation.framework/Versions/C/Foundation
0x000000000225a000 	/System/Library/Frameworks/AppKit.framework/Versions/C/AppKit
0x000000000225a000 	/System/Library/Frameworks/CoreData.framework/Versions/A/CoreData
0x000000000225a000 	/System/Library/PrivateFrameworks/RemoteViewServices.framework/Versions/A/RemoteViewServices
0x000000000225a000 	/System/Library/PrivateFrameworks/UIFoundation.framework/Versions/A/UIFoundation
0x000000000225a000 	/System/Library/Frameworks/IOSurface.framework/Versions/A/IOSurface
0x000000000225a000 	/System/Library/Frameworks/AudioToolbox.framework/Versions/A/AudioToolbox
0x000000000225a000 	/System/Library/Frameworks/AudioUnit.framework/Versions/A/AudioUnit
0x000000000225a000 	/System/Library/PrivateFrameworks/DataDetectorsCore.framework/Versions/A/DataDetectorsCore
0x000000000225a000 	/System/Library/PrivateFrameworks/DesktopServicesPriv.framework/Versions/A/DesktopServicesPriv
0x000000000225a000 	/System/Library/Frameworks/Carbon.framework/Versions/A/Frameworks/HIToolbox.framework/Versions/A/HIToolbox
0x000000000225a000 	/System/Library/Frameworks/QuartzCore.framework/Versions/A/QuartzCore
0x000000000225a000 	/System/Library/Frameworks/Carbon.framework/Versions/A/Frameworks/SpeechRecognition.framework/Versions/A/SpeechRecognition
0x000000000225a000 	/usr/lib/libauto.dylib
0x000000000225a000 	/usr/lib/libicucore.A.dylib
0x000000000225a000 	/usr/lib/libxml2.2.dylib
0x000000000225a000 	/System/Library/PrivateFrameworks/CoreUI.framework/Versions/A/CoreUI
0x000000000225a000 	/System/Library/Frameworks/CoreAudio.framework/Versions/A/CoreAudio
0x000000000225a000 	/System/Library/Frameworks/DiskArbitration.framework/Versions/A/DiskArbitration
0x000000000225a000 	/usr/lib/liblangid.dylib
0x000000000225a000 	/System/Library/PrivateFrameworks/MultitouchSupport.framework/Versions/A/MultitouchSupport
0x000000000225a000 	/System/Library/Frameworks/IOKit.framework/Versions/A/IOKit
0x000000000225a000 	/usr/lib/libDiagnosticMessagesClient.dylib
0x000000000225a000 	/System/Library/Frameworks/CoreServices.framework/Versions/A/CoreServices
0x000000000225a000 	/System/Library/PrivateFrameworks/PerformanceAnalysis.framework/Versions/A/PerformanceAnalysis
0x000000000225a000 	/System/Library/PrivateFrameworks/GenerationalStorage.framework/Versions/A/GenerationalStorage
0x000000000225a000 	/System/Library/Frameworks/OpenGL.framework/Versions/A/OpenGL
0x000000000225a000 	/System/Library/PrivateFrameworks/Sharing.framework/Versions/A/Sharing
0x000000000225a000 	/System/Library/Frameworks/CoreGraphics.framework/Versions/A/CoreGraphics
0x000000000225a000 	/System/Library/Frameworks/CoreText.framework/Versions/A/CoreText
0x000000000225a000 	/System/Library/Frameworks/ImageIO.framework/Versions/A/ImageIO
0x000000000225a000 	/usr/lib/libextension.dylib
0x000000000225a000 	/System/Library/PrivateFrameworks/Backup.framework/Versions/A/Backup
0x000000000225a000 	/usr/lib/libarchive.2.dylib
0x000000000225a000 	/System/Library/Frameworks/CFNetwork.framework/Versions/A/CFNetwork
0x000000000225a000 	/System/Library/Frameworks/SystemConfiguration.framework/Versions/A/SystemConfiguration
0x000000000225a000 	/usr/lib/libCRFSuite.dylib
0x000000000225a000 	/usr/lib/libc++.1.dylib
0x000000000225a000 	/usr/lib/libc++abi.dylib
0x000000000225a000 	/usr/lib/system/libcache.dylib
0x000000000225a000 	/usr/lib/system/libcommonCrypto.dylib
0x000000000225a000 	/usr/lib/system/libcompiler_rt.dylib
0x000000000225a000 	/usr/lib/system/libcopyfile.dylib
0x000000000225a000 	/usr/lib/system/libcorecrypto.dylib
0x000000000225a000 	/usr/lib/system/libdispatch.dylib
0x000000000225a000 	/usr/lib/system/libdyld.dylib
0x000000000225a000 	/usr/lib/system/libkeymgr.dylib
0x000000000225a000 	/usr/lib/system/liblaunch.dylib
0x000000000225a000 	/usr/lib/system/libmacho.dylib
0x000000000225a000 	/usr/lib/system/libquarantine.dylib
0x000000000225a000 	/usr/lib/system/libremovefile.dylib
0x000000000225a000 	/usr/lib/system/libsystem_asl.dylib
0x000000000225a000 	/usr/lib/system/libsystem_blocks.dylib
0x000000000225a000 	/usr/lib/system/libsystem_c.dylib
0x000000000225a000 	/usr/lib/system/libsystem_configuration.dylib
0x000000000225a000 	/usr/lib/system/libsystem_coreservices.dylib
0x000000000225a000 	/usr/lib/system/libsystem_coretls.dylib
0x000000000225a000 	/usr/lib/system/libsystem_dnssd.dylib
0x000000000225a000 	/usr/lib/system/libsystem_info.dylib
0x000000000225a000 	/usr/lib/system/libsystem_kernel.dylib
0x000000000225a000 	/usr/lib/system/libsystem_m.dylib
0x000000000225a000 	/usr/lib/system/libsystem_malloc.dylib
0x000000000225a000 	/usr/lib/system/libsystem_network.dylib
0x000000000225a000 	/usr/lib/system/libsystem_networkextension.dylib
0x000000000225a000 	/usr/lib/system/libsystem_notify.dylib
0x000000000225a000 	/usr/lib/system/libsystem_platform.dylib
0x000000000225a000 	/usr/lib/system/libsystem_pthread.dylib
0x000000000225a000 	/usr/lib/system/libsystem_sandbox.dylib
0x000000000225a000 	/usr/lib/system/libsystem_secinit.dylib
0x000000000225a000 	/usr/lib/system/libsystem_stats.dylib
0x000000000225a000 	/usr/lib/system/libsystem_trace.dylib
0x000000000225a000 	/usr/lib/system/libunc.dylib
0x000000000225a000 	/usr/lib/system/libunwind.dylib
0x000000000225a000 	/usr/lib/system/libxpc.dylib
0x000000000225a000 	/usr/lib/libbz2.1.0.dylib
0x000000000225a000 	/usr/lib/liblzma.5.dylib
0x000000000225a000 	/usr/lib/libbsm.0.dylib
0x000000000225a000 	/usr/lib/libsqlite3.dylib
0x000000000225a000 	/usr/lib/system/libkxld.dylib
0x000000000225a000 	/usr/lib/libxar.1.dylib
0x000000000225a000 	/usr/lib/libpam.2.dylib
0x000000000225a000 	/usr/lib/libOpenScriptingUtil.dylib
0x000000000225a000 	/System/Library/Frameworks/CoreServices.framework/Versions/A/Frameworks/FSEvents.framework/Versions/A/FSEvents
0x000000000225a000 	/System/Library/Frameworks/CoreServices.framework/Versions/A/Frameworks/CarbonCore.framework/Versions/A/CarbonCore
0x000000000225a000 	/System/Library/Frameworks/CoreServices.framework/Versions/A/Frameworks/Metadata.framework/Versions/A/Metadata
0x000000000225a000 	/System/Library/Frameworks/CoreServices.framework/Versions/A/Frameworks/OSServices.framework/Versions/A/OSServices
0x000000000225a000 	/System/Library/Frameworks/CoreServices.framework/Versions/A/Frameworks/SearchKit.framework/Versions/A/SearchKit
0x000000000225a000 	/System/Library/Frameworks/CoreServices.framework/Versions/A/Frameworks/AE.framework/Versions/A/AE
0x000000000225a000 	/System/Library/Frameworks/CoreServices.framework/Versions/A/Frameworks/LaunchServices.framework/Versions/A/LaunchServices
0x000000000225a000 	/System/Library/Frameworks/CoreServices.framework/Versions/A/Frameworks/DictionaryServices.framework/Versions/A/DictionaryServices
0x000000000225a000 	/System/Library/Frameworks/NetFS.framework/Versions/A/NetFS
0x000000000225a000 	/System/Library/PrivateFrameworks/NetAuth.framework/Versions/A/NetAuth
0x000000000225a000 	/System/Library/PrivateFrameworks/login.framework/Versions/A/Frameworks/loginsupport.framework/Versions/A/loginsupport
0x000000000225a000 	/System/Library/PrivateFrameworks/TCC.framework/Versions/A/TCC
0x000000000225a000 	/usr/lib/libmecabra.dylib
0x000000000225a000 	/System/Library/PrivateFrameworks/LanguageModeling.framework/Versions/A/LanguageModeling
0x000000000225a000 	/usr/lib/libcmph.dylib
0x000000000225a000 	/usr/lib/libiconv.2.dylib
0x000000000225a000 	/System/Library/Frameworks/OpenDirectory.framework/Versions/A/Frameworks/CFOpenDirectory.framework/Versions/A/CFOpenDirectory
0x000000000225a000 	/System/Library/Frameworks/ServiceManagement.framework/Versions/A/ServiceManagement
0x000000000225a000 	/usr/lib/libxslt.1.dylib
0x000000000225a000 	/System/Library/Frameworks/Carbon.framework/Versions/A/Frameworks/Ink.framework/Versions/A/Ink
0x000000000225a000 	/System/Library/Frameworks/ApplicationServices.framework/Versions/A/Frameworks/ATS.framework/Versions/A/ATS
0x000000000225a000 	/System/Library/Frameworks/ApplicationServices.framework/Versions/A/Frameworks/ColorSync.framework/Versions/A/ColorSync
0x000000000225a000 	/System/Library/Frameworks/ApplicationServices.framework/Versions/A/Frameworks/HIServices.framework/Versions/A/HIServices
0x000000000225a000 	/System/Library/Frameworks/ApplicationServices.framework/Versions/A/Frameworks/LangAnalysis.framework/Versions/A/LangAnalysis
0x000000000225a000 	/System/Library/Frameworks/ApplicationServices.framework/Versions/A/Frameworks/PrintCore.framework/Versions/A/PrintCore
0x000000000225a000 	/System/Library/Frameworks/ApplicationServices.framework/Versions/A/Frameworks/QD.framework/Versions/A/QD
0x000000000225a000 	/System/Library/Frameworks/ApplicationServices.framework/Versions/A/Frameworks/SpeechSynthesis.framework/Versions/A/SpeechSynthesis
0x000000000225a000 	/System/Library/Frameworks/Accelerate.framework/Versions/A/Accelerate
0x000000000225a000 	/System/Library/Frameworks/Accelerate.framework/Versions/A/Frameworks/vImage.framework/Versions/A/vImage
0x000000000225a000 	/System/Library/Frameworks/Accelerate.framework/Versions/A/Frameworks/vecLib.framework/Versions/A/vecLib
0x000000000225a000 	/System/Library/Frameworks/Accelerate.framework/Versions/A/Frameworks/vecLib.framework/Versions/A/libvDSP.dylib
0x000000000225a000 	/System/Library/Frameworks/Accelerate.framework/Versions/A/Frameworks/vecLib.framework/Versions/A/libvMisc.dylib
0x000000000225a000 	/System/Library/Frameworks/Accelerate.framework/Versions/A/Frameworks/vecLib.framework/Versions/A/libLAPACK.dylib
0x000000000225a000 	/System/Library/Frameworks/Accelerate.framework/Versions/A/Frameworks/vecLib.framework/Versions/A/libBLAS.dylib
0x000000000225a000 	/System/Library/Frameworks/Accelerate.framework/Versions/A/Frameworks/vecLib.framework/Versions/A/libLinearAlgebra.dylib
0x000000000225a000 	/System/Library/Frameworks/ApplicationServices.framework/Versions/A/Frameworks/ATS.framework/Versions/A/Resources/libFontParser.dylib
0x000000000225a000 	/System/Library/Frameworks/ApplicationServices.framework/Versions/A/Frameworks/ATS.framework/Versions/A/Resources/libFontRegistry.dylib
0x000000000225a000 	/System/Library/PrivateFrameworks/AppleVPA.framework/Versions/A/AppleVPA
0x000000000225a000 	/System/Library/PrivateFrameworks/AppleJPEG.framework/Versions/A/AppleJPEG
0x000000000225a000 	/System/Library/Frameworks/ImageIO.framework/Versions/A/Resources/libJPEG.dylib
0x000000000225a000 	/System/Library/Frameworks/ImageIO.framework/Versions/A/Resources/libTIFF.dylib
0x000000000225a000 	/System/Library/Frameworks/ImageIO.framework/Versions/A/Resources/libPng.dylib
0x000000000225a000 	/System/Library/Frameworks/ImageIO.framework/Versions/A/Resources/libGIF.dylib
0x000000000225a000 	/System/Library/Frameworks/ImageIO.framework/Versions/A/Resources/libJP2.dylib
0x000000000225a000 	/System/Library/Frameworks/ImageIO.framework/Versions/A/Resources/libRadiance.dylib
0x000000000225a000 	/System/Library/Frameworks/CoreVideo.framework/Versions/A/CoreVideo
0x000000000225a000 	/System/Library/Frameworks/OpenGL.framework/Versions/A/Libraries/libGLU.dylib
0x000000000225a000 	/System/Library/Frameworks/OpenGL.framework/Versions/A/Libraries/libGFXShared.dylib
0x000000000225a000 	/System/Library/Frameworks/OpenGL.framework/Versions/A/Libraries/libGL.dylib
0x000000000225a000 	/System/Library/Frameworks/OpenGL.framework/Versions/A/Libraries/libGLImage.dylib
0x000000000225a000 	/System/Library/Frameworks/OpenGL.framework/Versions/A/Libraries/libCVMSPluginSupport.dylib
0x000000000225a000 	/System/Library/Frameworks/OpenGL.framework/Versions/A/Libraries/libCoreVMClient.dylib
0x000000000225a000 	/usr/lib/libcups.2.dylib
0x000000000225a000 	/System/Library/Frameworks/Kerberos.framework/Versions/A/Kerberos
0x000000000225a000 	/System/Library/Frameworks/GSS.framework/Versions/A/GSS
0x000000000225a000 	/usr/lib/libresolv.9.dylib
0x000000000225a000 	/System/Library/PrivateFrameworks/Heimdal.framework/Versions/A/Heimdal
0x000000000225a000 	/usr/lib/libheimdal-asn1.dylib
0x000000000225a000 	/System/Library/Frameworks/OpenDirectory.framework/Versions/A/OpenDirectory
0x000000000225a000 	/System/Library/PrivateFrameworks/CommonAuth.framework/Versions/A/CommonAuth
0x000000000225a000 	/System/Library/Frameworks/SecurityFoundation.framework/Versions/A/SecurityFoundation
0x000000000225a000 	/System/Library/Frameworks/QuartzCore.framework/Versions/A/Frameworks/CoreImage.framework/Versions/A/CoreImage
0x000000000225a000 	/System/Library/PrivateFrameworks/CrashReporterSupport.framework/Versions/A/CrashReporterSupport
0x000000000225a000 	/System/Library/Frameworks/OpenCL.framework/Versions/A/OpenCL
0x000000000225a000 	/System/Library/PrivateFrameworks/FaceCore.framework/Versions/A/FaceCore
0x000000000225a000 	/System/Library/PrivateFrameworks/Ubiquity.framework/Versions/A/Ubiquity
0x000000000225a000 	/System/Library/PrivateFrameworks/IconServices.framework/Versions/A/IconServices
0x000000000225a000 	/System/Library/PrivateFrameworks/ChunkingLibrary.framework/Versions/A/ChunkingLibrary
0x000000000225a000 	/System/Library/PrivateFrameworks/Apple80211.framework/Versions/A/Apple80211
0x000000000225a000 	/System/Library/Frameworks/CoreWLAN.framework/Versions/A/CoreWLAN
0x000000000225a000 	/System/Library/Frameworks/IOBluetooth.framework/Versions/A/IOBluetooth
0x000000000225a000 	/System/Library/PrivateFrameworks/CoreWiFi.framework/Versions/A/CoreWiFi
0x000000000225a000 	/System/Library/Frameworks/CoreBluetooth.framework/Versions/A/CoreBluetooth
0x000000000225a000 	/System/Library/PrivateFrameworks/DebugSymbols.framework/Versions/A/DebugSymbols
0x000000000225a000 	/System/Library/PrivateFrameworks/CoreSymbolication.framework/Versions/A/CoreSymbolication
0x000000000225a000 	/System/Library/PrivateFrameworks/Symbolication.framework/Versions/A/Symbolication
0x000000000225a000 	/System/Library/PrivateFrameworks/SpeechRecognitionCore.framework/Versions/A/SpeechRecognitionCore
0x000000010b000000 	/Library/Java/JavaVirtualMachines/jdk1.7.0_79.jdk/Contents/Home/jre/lib/server/libjvm.dylib
0x000000000225a000 	/usr/lib/libstdc++.6.dylib
0x000000010a7d5000 	/Library/Java/JavaVirtualMachines/jdk1.7.0_79.jdk/Contents/Home/jre/lib/libverify.dylib
0x000000010bb66000 	/Library/Java/JavaVirtualMachines/jdk1.7.0_79.jdk/Contents/Home/jre/lib/libjava.dylib
0x000000010bb96000 	/Library/Java/JavaVirtualMachines/jdk1.7.0_79.jdk/Contents/Home/jre/lib/libjdwp.dylib
0x000000010a7e3000 	/Library/Java/JavaVirtualMachines/jdk1.7.0_79.jdk/Contents/Home/jre/lib/libnpt.dylib
0x000000010bbd3000 	/Library/Java/JavaVirtualMachines/jdk1.7.0_79.jdk/Contents/Home/jre/lib/libinstrument.dylib
0x000000010a7f1000 	/Library/Java/JavaVirtualMachines/jdk1.7.0_79.jdk/Contents/Home/jre/lib/libzip.dylib
0x000000011546c000 	/System/Library/Frameworks/JavaVM.framework/Frameworks/JavaRuntimeSupport.framework/JavaRuntimeSupport
0x0000000115484000 	/System/Library/Frameworks/JavaVM.framework/Versions/A/Frameworks/JavaNativeFoundation.framework/Versions/A/JavaNativeFoundation
0x0000000115499000 	/System/Library/Frameworks/JavaVM.framework/Versions/A/JavaVM
0x000000000225a000 	/System/Library/Frameworks/Carbon.framework/Versions/A/Carbon
0x00000001154a6000 	/System/Library/PrivateFrameworks/JavaLaunching.framework/Versions/A/JavaLaunching
0x000000000225a000 	/System/Library/Frameworks/Carbon.framework/Versions/A/Frameworks/CommonPanels.framework/Versions/A/CommonPanels
0x000000000225a000 	/System/Library/Frameworks/Carbon.framework/Versions/A/Frameworks/Help.framework/Versions/A/Help
0x000000000225a000 	/System/Library/Frameworks/Carbon.framework/Versions/A/Frameworks/ImageCapture.framework/Versions/A/ImageCapture
0x000000000225a000 	/System/Library/Frameworks/Carbon.framework/Versions/A/Frameworks/OpenScripting.framework/Versions/A/OpenScripting
0x000000000225a000 	/System/Library/Frameworks/Carbon.framework/Versions/A/Frameworks/Print.framework/Versions/A/Print
0x000000000225a000 	/System/Library/Frameworks/Carbon.framework/Versions/A/Frameworks/SecurityHI.framework/Versions/A/SecurityHI
0x0000000116d2f000 	/Library/Java/JavaVirtualMachines/jdk1.7.0_79.jdk/Contents/Home/jre/lib/libdt_socket.dylib
0x000000011762d000 	/Library/Java/JavaVirtualMachines/jdk1.7.0_79.jdk/Contents/Home/jre/lib/libnio.dylib
0x000000011763c000 	/Library/Java/JavaVirtualMachines/jdk1.7.0_79.jdk/Contents/Home/jre/lib/./libnet.dylib

VM Arguments:
jvm_args: -agentlib:jdwp=transport=dt_socket,address=127.0.0.1:51576,suspend=y,server=n -javaagent:/Users/admin/Library/Caches/IdeaIC14/groovyHotSwap/gragent.jar -Dfile.encoding=UTF-8 
java_command: DataGen /Users/admin/Dev/IR/dev/IrPOC.git/IRDataGen/simulation-data /Users/admin/Dev/IR/dev/IrPOC.git/IRDataGen/simulation-data
Launcher Type: SUN_STANDARD

Environment Variables:
PATH=/usr/local/bin:/usr/bin:/bin:/usr/sbin:/sbin:/usr/local/git/bin:/usr/local/git/bin/
SHELL=/bin/bash

Signal Handlers:
SIGSEGV: [libjvm.dylib+0x52daf1], sa_mask[0]=0xfffefeff, sa_flags=0x00000043
SIGBUS: [libjvm.dylib+0x52daf1], sa_mask[0]=0xfffefeff, sa_flags=0x00000042
SIGFPE: [libjvm.dylib+0x41f34e], sa_mask[0]=0xfffefeff, sa_flags=0x00000042
SIGPIPE: [libjvm.dylib+0x41f34e], sa_mask[0]=0xfffefeff, sa_flags=0x00000042
SIGXFSZ: [libjvm.dylib+0x41f34e], sa_mask[0]=0xfffefeff, sa_flags=0x00000042
SIGILL: [libjvm.dylib+0x41f34e], sa_mask[0]=0xfffefeff, sa_flags=0x00000042
SIGUSR1: SIG_DFL, sa_mask[0]=0x00000000, sa_flags=0x00000000
SIGUSR2: [libjvm.dylib+0x41ee40], sa_mask[0]=0x00000004, sa_flags=0x00000042
SIGHUP: [libjvm.dylib+0x41d0d1], sa_mask[0]=0xfffefeff, sa_flags=0x00000042
SIGINT: [libjvm.dylib+0x41d0d1], sa_mask[0]=0xfffefeff, sa_flags=0x00000042
SIGTERM: [libjvm.dylib+0x41d0d1], sa_mask[0]=0xfffefeff, sa_flags=0x00000042
SIGQUIT: [libjvm.dylib+0x41d0d1], sa_mask[0]=0xfffefeff, sa_flags=0x00000042


---------------  S Y S T E M  ---------------

OS:Bsduname:Darwin 14.0.0 Darwin Kernel Version 14.0.0: Fri Sep 19 00:26:44 PDT 2014; root:xnu-2782.1.97~2/RELEASE_X86_64 x86_64
rlimit: STACK 8192k, CORE 0k, NPROC 709, NOFILE 10240, AS infinity
load average:5.25 4.55 4.37

CPU:total 4 (2 cores per cpu, 2 threads per core) family 6 model 69 stepping 1, cmov, cx8, fxsr, mmx, sse, sse2, sse3, ssse3, sse4.1, sse4.2, popcnt, avx, avx2, aes, erms, ht, tsc, tscinvbit

Memory: 4k page, physical 8388608k(2097152k free)

/proc/meminfo:


vm_info: Java HotSpot(TM) 64-Bit Server VM (24.79-b02) for bsd-amd64 JRE (1.7.0_79-b15), built on Apr 10 2015 11:35:04 by "java_re" with gcc 4.2.1 (Based on Apple Inc. build 5658) (LLVM build 2336.11.00)

time: Tue Nov 24 02:56:20 2015
elapsed time: 3711 seconds

