#
# A fatal error has been detected by the Java Runtime Environment:
#
#  SIGSEGV (0xb) at pc=0x000000010e2817f4, pid=61779, tid=16643
#
# JRE version: Java(TM) SE Runtime Environment (7.0_79-b15) (build 1.7.0_79-b15)
# Java VM: Java HotSpot(TM) 64-Bit Server VM (24.79-b02 mixed mode bsd-amd64 compressed oops)
# Problematic frame:
# V  [libjvm.dylib+0x3387f4]
#
# Failed to write core dump. Core dumps have been disabled. To enable core dumping, try "ulimit -c unlimited" before starting Java again
#
# If you would like to submit a bug report, please visit:
#   http://bugreport.java.com/bugreport/crash.jsp
#

---------------  T H R E A D  ---------------

Current thread (0x00007fa47c826800):  JavaThread "JDWP Transport Listener: dt_socket" daemon [_thread_in_vm, id=16643, stack(0x000000019f7c7000,0x000000019f8c7000)]

siginfo:si_signo=SIGSEGV: si_errno=0, si_code=0 (SEGV0), si_addr=0x0000000000000000

Registers:
RAX=0x0000000000000001, RBX=0x000000019f8c6a8b, RCX=0x00000000000fc080, RDX=0x000000019f8c6a8b
RSP=0x000000019f8c69f0, RBP=0x000000019f8c6a40, RSI=0x00007fa47c826800, RDI=0x00007fa47bd1f000
R8 =0x0000000000000001, R9 =0x00007fa47bc00000, R10=0x0000000000000020, R11=0x00007fa47bc00000
R12=0x00007fa47c826800, R13=0x00027fa47c08a600, R14=0x00027fa47c08a600, R15=0x00007fa47bd1f000
RIP=0x000000010e2817f4, EFLAGS=0x0000000000010206, ERR=0x0000000000000000
  TRAPNO=0x000000000000000d

Top of Stack: (sp=0x000000019f8c69f0)
0x000000019f8c69f0:   00007fa47c826800 0000000000000000
0x000000019f8c6a00:   0000000000000000 0000000000000000
0x000000019f8c6a10:   00007fa47c826800 00007fa47c826800
0x000000019f8c6a20:   000000019f8c6a8b 000000019f8c6a90
0x000000019f8c6a30:   00027fa47c08a600 0000000000000003
0x000000019f8c6a40:   000000019f8c6a60 000000010eb0d1a8
0x000000019f8c6a50:   0000000000000001 000000019f8c6b08
0x000000019f8c6a60:   000000019f8c6ad0 000000010eaf1fbb
0x000000019f8c6a70:   000000019f8c6aa0 00007fa47bc16510
0x000000019f8c6a80:   0000000400000032 00000009008c6b08
0x000000019f8c6a90:   0000000000000000 0000000000000000
0x000000019f8c6aa0:   0000000000000000 000000019f8c6c90
0x000000019f8c6ab0:   000000010eb14dc2 00007fa47bd57e50
0x000000019f8c6ac0:   000000019f8c6b08 000000010eb20588
0x000000019f8c6ad0:   000000019f8c6ae0 000000010eaf20b4
0x000000019f8c6ae0:   000000019f8c6d00 000000010eafb642
0x000000019f8c6af0:   0000259500000013 00000000000f0200
0x000000019f8c6b00:   00007fa47bd5e810 000000019f8c6c1b
0x000000019f8c6b10:   00007fa400000069 000000019f8c6b20
0x000000019f8c6b20:   00007fa4000000c3 000000019f8c6b58
0x000000019f8c6b30:   0000000000000000 0000000000000000
0x000000019f8c6b40:   000025950000000f 0000000000000080
0x000000019f8c6b50:   000000019f8c6b58 a47f000004000000
0x000000019f8c6b60:   140000005044e27b 796c696144746567
0x000000019f8c6b70:   6574616c706d6554 1200000044497942
0x000000019f8c6b80:   6c6961444c294928 74616c706d655479
0x000000019f8c6b90:   0000000000003b65 d57ba47f00000a00
0x000000019f8c6ba0:   65721600000010b2 54796c6961446461
0x000000019f8c6bb0:   736574616c706d65 150000006e6f734a
0x000000019f8c6bc0:   6c2f6176616a4c28 697274532f676e61
0x000000019f8c6bd0:   00000056293b676e 7f00000900000000
0x000000019f8c6be0:   00000018b2d57ba4 6d69536461657211 

Instructions: (pc=0x000000010e2817f4)
0x000000010e2817d4:   00 00 00 41 f6 87 68 01 00 00 10 75 07 b8 63 00
0x000000010e2817e4:   00 00 eb 7a 4d 85 f6 75 07 b8 17 00 00 00 eb 6e
0x000000010e2817f4:   4d 8b 36 48 b8 fe fe fe fe fe fe fe fe 49 39 c6
0x000000010e281804:   74 e7 4d 85 f6 74 e2 48 8d 05 fe 6b 4d 00 80 38 

Register to memory mapping:

RAX=0x0000000000000001 is an unknown value
RBX=0x000000019f8c6a8b is pointing into the stack for thread: 0x00007fa47c826800
RCX=0x00000000000fc080 is an unknown value
RDX=0x000000019f8c6a8b is pointing into the stack for thread: 0x00007fa47c826800
RSP=0x000000019f8c69f0 is pointing into the stack for thread: 0x00007fa47c826800
RBP=0x000000019f8c6a40 is pointing into the stack for thread: 0x00007fa47c826800
RSI=0x00007fa47c826800 is a thread
RDI=0x00007fa47bd1f000 is an unknown value
R8 =0x0000000000000001 is an unknown value
R9 =0x00007fa47bc00000 is an unknown value
R10=0x0000000000000020 is an unknown value
R11=0x00007fa47bc00000 is an unknown value
R12=0x00007fa47c826800 is a thread
R13=0x00027fa47c08a600 is an unknown value
R14=0x00027fa47c08a600 is an unknown value
R15=0x00007fa47bd1f000 is an unknown value


Stack: [0x000000019f7c7000,0x000000019f8c7000],  sp=0x000000019f8c69f0,  free space=1022k
Native frames: (J=compiled Java code, j=interpreted, Vv=VM code, C=native code)
V  [libjvm.dylib+0x3387f4]
C  [libjdwp.dylib+0x201a8]  isMethodSynthetic+0x63
C  [libjdwp.dylib+0x4fbb]  methods1+0x10b
C  [libjdwp.dylib+0x50b4]  methodsWithGeneric+0xe
C  [libjdwp.dylib+0xe642]  debugLoop_run+0x1ce
C  [libjdwp.dylib+0x1f0e2]  attachThread+0x4d
V  [libjvm.dylib+0x37945a]
V  [libjvm.dylib+0x4f759d]
V  [libjvm.dylib+0x4f8ca5]
V  [libjvm.dylib+0x421c4e]
C  [libsystem_pthread.dylib+0x32fc]  _pthread_body+0x83
C  [libsystem_pthread.dylib+0x3279]  _pthread_body+0x0
C  [libsystem_pthread.dylib+0x14b1]  thread_start+0xd


---------------  P R O C E S S  ---------------

Java Threads: ( => current thread )
  0x00007fa47c081000 JavaThread "Service Thread" daemon [_thread_blocked, id=19203, stack(0x000000019feb6000,0x000000019ffb6000)]
  0x00007fa47d02c800 JavaThread "C2 CompilerThread1" daemon [_thread_blocked, id=18691, stack(0x000000019fdb3000,0x000000019feb3000)]
  0x00007fa47d832800 JavaThread "C2 CompilerThread0" daemon [_thread_blocked, id=18179, stack(0x000000019fcb0000,0x000000019fdb0000)]
  0x00007fa47c018000 JavaThread "JDWP Command Reader" daemon [_thread_in_native, id=17667, stack(0x000000019f9cd000,0x000000019facd000)]
  0x00007fa47c827000 JavaThread "JDWP Event Helper Thread" daemon [_thread_blocked, id=17155, stack(0x000000019f8ca000,0x000000019f9ca000)]
=>0x00007fa47c826800 JavaThread "JDWP Transport Listener: dt_socket" daemon [_thread_in_vm, id=16643, stack(0x000000019f7c7000,0x000000019f8c7000)]
  0x00007fa47c824800 JavaThread "Signal Dispatcher" daemon [_thread_blocked, id=12567, stack(0x000000019f6c4000,0x000000019f7c4000)]
  0x00007fa47c007000 JavaThread "Finalizer" daemon [_thread_blocked, id=11011, stack(0x000000019dd82000,0x000000019de82000)]
  0x00007fa47c815000 JavaThread "Reference Handler" daemon [_thread_blocked, id=10499, stack(0x000000019dc7f000,0x000000019dd7f000)]
  0x00007fa47d003000 JavaThread "main" [_thread_blocked, id=3331, stack(0x000000010e9ad000,0x000000010eaad000)]

Other Threads:
  0x00007fa47c812000 VMThread [stack: 0x000000019db7c000,0x000000019dc7c000] [id=9987]
  0x00007fa47d858000 WatcherThread [stack: 0x000000019ffb9000,0x00000001a00b9000] [id=19715]

VM state:not at safepoint (normal execution)

VM Mutex/Monitor currently owned by a thread: None

Heap
 PSYoungGen      total 38912K, used 4755K [0x000000016c400000, 0x000000016ef00000, 0x0000000196f00000)
  eden space 33792K, 14% used [0x000000016c400000,0x000000016c8a4ff8,0x000000016e500000)
  from space 5120K, 0% used [0x000000016ea00000,0x000000016ea00000,0x000000016ef00000)
  to   space 5120K, 0% used [0x000000016e500000,0x000000016e500000,0x000000016ea00000)
 ParOldGen       total 87040K, used 0K [0x0000000116f00000, 0x000000011c400000, 0x000000016c400000)
  object space 87040K, 0% used [0x0000000116f00000,0x0000000116f00000,0x000000011c400000)
 PSPermGen       total 21504K, used 3669K [0x0000000111d00000, 0x0000000113200000, 0x0000000116f00000)
  object space 21504K, 17% used [0x0000000111d00000,0x0000000112095600,0x0000000113200000)

Card table byte_map: [0x0000000196f00000,0x000000019732a000] byte_map_base: 0x0000000196671800

Polling page: 0x000000010eaec000

Code Cache  [0x000000010eb92000, 0x000000010ee02000, 0x0000000111b92000)
 total_blobs=211 nmethods=11 adapters=163 free_code_cache=48742Kb largest_free_block=49898368

Compilation events (10 events):
Event: 0.411 Thread 0x00007fa47d02c800 nmethod 6% 0x000000010ebf42d0 code [0x000000010ebf4460, 0x000000010ebf4958]
Event: 0.411 Thread 0x00007fa47d02c800    8             java.lang.String::charAt (29 bytes)
Event: 0.412 Thread 0x00007fa47d02c800 nmethod 8 0x000000010ebf8690 code [0x000000010ebf87e0, 0x000000010ebf88d8]
Event: 0.412 Thread 0x00007fa47d02c800    9             java.io.UnixFileSystem::normalize (75 bytes)
Event: 0.418 Thread 0x00007fa47d02c800 nmethod 9 0x000000010ebf3c90 code [0x000000010ebf3e00, 0x000000010ebf40d8]
Event: 0.419 Thread 0x00007fa47d832800 nmethod 7 0x000000010ebf9790 code [0x000000010ebf98e0, 0x000000010ebf9dd8]
Event: 0.422 Thread 0x00007fa47d02c800   10 %           org.json.simple.parser.Yylex::zzUnpackCMap @ 35 (56 bytes)
Event: 0.430 Thread 0x00007fa47d02c800 nmethod 10% 0x000000010ebf9010 code [0x000000010ebf9180, 0x000000010ebf9598]
Event: 9.606 Thread 0x00007fa47d832800   11             java.lang.String::lastIndexOf (52 bytes)
Event: 9.609 Thread 0x00007fa47d832800 nmethod 11 0x000000010ebf8c10 code [0x000000010ebf8d60, 0x000000010ebf8f08]

GC Heap History (0 events):
No events

Deoptimization events (0 events):
No events

Internal exceptions (10 events):
Event: 0.425 Thread 0x00007fa47d003000 Threw 0x000000016c7a7658 at /HUDSON/workspace/7u-2-build-macosx-x86_64/jdk7u79/2331/hotspot/src/share/vm/prims/jvm.cpp:1304
Event: 0.426 Thread 0x00007fa47d003000 Threw 0x000000016c7af368 at /HUDSON/workspace/7u-2-build-macosx-x86_64/jdk7u79/2331/hotspot/src/share/vm/prims/jvm.cpp:1304
Event: 0.427 Thread 0x00007fa47d003000 Threw 0x000000016c7b3ef0 at /HUDSON/workspace/7u-2-build-macosx-x86_64/jdk7u79/2331/hotspot/src/share/vm/prims/jvm.cpp:1304
Event: 0.428 Thread 0x00007fa47d003000 Threw 0x000000016c7b9120 at /HUDSON/workspace/7u-2-build-macosx-x86_64/jdk7u79/2331/hotspot/src/share/vm/prims/jvm.cpp:1304
Event: 0.431 Thread 0x00007fa47d003000 Threw 0x000000016c7c4a18 at /HUDSON/workspace/7u-2-build-macosx-x86_64/jdk7u79/2331/hotspot/src/share/vm/prims/jvm.cpp:1304
Event: 0.432 Thread 0x00007fa47d003000 Threw 0x000000016c7c8bf8 at /HUDSON/workspace/7u-2-build-macosx-x86_64/jdk7u79/2331/hotspot/src/share/vm/prims/jvm.cpp:1304
Event: 0.433 Thread 0x00007fa47d003000 Threw 0x000000016c7cf318 at /HUDSON/workspace/7u-2-build-macosx-x86_64/jdk7u79/2331/hotspot/src/share/vm/prims/jvm.cpp:1304
Event: 0.440 Thread 0x00007fa47d003000 Threw 0x000000016c7f7850 at /HUDSON/workspace/7u-2-build-macosx-x86_64/jdk7u79/2331/hotspot/src/share/vm/prims/jvm.cpp:1304
Event: 9.605 Thread 0x00007fa47d003000 Threw 0x000000016c7fb728 at /HUDSON/workspace/7u-2-build-macosx-x86_64/jdk7u79/2331/hotspot/src/share/vm/prims/jvm.cpp:1304
Event: 4233.579 Thread 0x00007fa47c826800 Threw 0x000000016c557608 at /HUDSON/workspace/7u-2-build-macosx-x86_64/jdk7u79/2331/hotspot/src/share/vm/prims/jvm.cpp:1304

Events (10 events):
Event: 4118.739 Executing VM operation: GetOrSetLocal
Event: 4118.739 Executing VM operation: GetOrSetLocal done
Event: 4118.739 Executing VM operation: GetOrSetLocal
Event: 4118.739 Executing VM operation: GetOrSetLocal done
Event: 4233.576 Executing VM operation: ChangeBreakpoints
Event: 4233.576 Executing VM operation: ChangeBreakpoints done
Event: 4233.578 loading class 0x00007fa47bf0cdb0
Event: 4233.578 loading class 0x00007fa47bf0cdb0 done
Event: 4233.585 Executing VM operation: RedefineClasses
Event: 4233.587 Executing VM operation: RedefineClasses done


Dynamic libraries:
0x000000000225a000 	/System/Library/Frameworks/Cocoa.framework/Versions/A/Cocoa
0x000000000225a000 	/System/Library/Frameworks/Security.framework/Versions/A/Security
0x000000000225a000 	/System/Library/Frameworks/ApplicationServices.framework/Versions/A/ApplicationServices
0x000000000225a000 	/usr/lib/libz.1.dylib
0x000000000225a000 	/usr/lib/libSystem.B.dylib
0x000000000225a000 	/usr/lib/libobjc.A.dylib
0x000000000225a000 	/System/Library/Frameworks/CoreFoundation.framework/Versions/A/CoreFoundation
0x000000000225a000 	/System/Library/Frameworks/Foundation.framework/Versions/C/Foundation
0x000000000225a000 	/System/Library/Frameworks/AppKit.framework/Versions/C/AppKit
0x000000000225a000 	/System/Library/Frameworks/CoreData.framework/Versions/A/CoreData
0x000000000225a000 	/System/Library/PrivateFrameworks/RemoteViewServices.framework/Versions/A/RemoteViewServices
0x000000000225a000 	/System/Library/PrivateFrameworks/UIFoundation.framework/Versions/A/UIFoundation
0x000000000225a000 	/System/Library/Frameworks/IOSurface.framework/Versions/A/IOSurface
0x000000000225a000 	/System/Library/Frameworks/AudioToolbox.framework/Versions/A/AudioToolbox
0x000000000225a000 	/System/Library/Frameworks/AudioUnit.framework/Versions/A/AudioUnit
0x000000000225a000 	/System/Library/PrivateFrameworks/DataDetectorsCore.framework/Versions/A/DataDetectorsCore
0x000000000225a000 	/System/Library/PrivateFrameworks/DesktopServicesPriv.framework/Versions/A/DesktopServicesPriv
0x000000000225a000 	/System/Library/Frameworks/Carbon.framework/Versions/A/Frameworks/HIToolbox.framework/Versions/A/HIToolbox
0x000000000225a000 	/System/Library/Frameworks/QuartzCore.framework/Versions/A/QuartzCore
0x000000000225a000 	/System/Library/Frameworks/Carbon.framework/Versions/A/Frameworks/SpeechRecognition.framework/Versions/A/SpeechRecognition
0x000000000225a000 	/usr/lib/libauto.dylib
0x000000000225a000 	/usr/lib/libicucore.A.dylib
0x000000000225a000 	/usr/lib/libxml2.2.dylib
0x000000000225a000 	/System/Library/PrivateFrameworks/CoreUI.framework/Versions/A/CoreUI
0x000000000225a000 	/System/Library/Frameworks/CoreAudio.framework/Versions/A/CoreAudio
0x000000000225a000 	/System/Library/Frameworks/DiskArbitration.framework/Versions/A/DiskArbitration
0x000000000225a000 	/usr/lib/liblangid.dylib
0x000000000225a000 	/System/Library/PrivateFrameworks/MultitouchSupport.framework/Versions/A/MultitouchSupport
0x000000000225a000 	/System/Library/Frameworks/IOKit.framework/Versions/A/IOKit
0x000000000225a000 	/usr/lib/libDiagnosticMessagesClient.dylib
0x000000000225a000 	/System/Library/Frameworks/CoreServices.framework/Versions/A/CoreServices
0x000000000225a000 	/System/Library/PrivateFrameworks/PerformanceAnalysis.framework/Versions/A/PerformanceAnalysis
0x000000000225a000 	/System/Library/PrivateFrameworks/GenerationalStorage.framework/Versions/A/GenerationalStorage
0x000000000225a000 	/System/Library/Frameworks/OpenGL.framework/Versions/A/OpenGL
0x000000000225a000 	/System/Library/PrivateFrameworks/Sharing.framework/Versions/A/Sharing
0x000000000225a000 	/System/Library/Frameworks/CoreGraphics.framework/Versions/A/CoreGraphics
0x000000000225a000 	/System/Library/Frameworks/CoreText.framework/Versions/A/CoreText
0x000000000225a000 	/System/Library/Frameworks/ImageIO.framework/Versions/A/ImageIO
0x000000000225a000 	/usr/lib/libextension.dylib
0x000000000225a000 	/System/Library/PrivateFrameworks/Backup.framework/Versions/A/Backup
0x000000000225a000 	/usr/lib/libarchive.2.dylib
0x000000000225a000 	/System/Library/Frameworks/CFNetwork.framework/Versions/A/CFNetwork
0x000000000225a000 	/System/Library/Frameworks/SystemConfiguration.framework/Versions/A/SystemConfiguration
0x000000000225a000 	/usr/lib/libCRFSuite.dylib
0x000000000225a000 	/usr/lib/libc++.1.dylib
0x000000000225a000 	/usr/lib/libc++abi.dylib
0x000000000225a000 	/usr/lib/system/libcache.dylib
0x000000000225a000 	/usr/lib/system/libcommonCrypto.dylib
0x000000000225a000 	/usr/lib/system/libcompiler_rt.dylib
0x000000000225a000 	/usr/lib/system/libcopyfile.dylib
0x000000000225a000 	/usr/lib/system/libcorecrypto.dylib
0x000000000225a000 	/usr/lib/system/libdispatch.dylib
0x000000000225a000 	/usr/lib/system/libdyld.dylib
0x000000000225a000 	/usr/lib/system/libkeymgr.dylib
0x000000000225a000 	/usr/lib/system/liblaunch.dylib
0x000000000225a000 	/usr/lib/system/libmacho.dylib
0x000000000225a000 	/usr/lib/system/libquarantine.dylib
0x000000000225a000 	/usr/lib/system/libremovefile.dylib
0x000000000225a000 	/usr/lib/system/libsystem_asl.dylib
0x000000000225a000 	/usr/lib/system/libsystem_blocks.dylib
0x000000000225a000 	/usr/lib/system/libsystem_c.dylib
0x000000000225a000 	/usr/lib/system/libsystem_configuration.dylib
0x000000000225a000 	/usr/lib/system/libsystem_coreservices.dylib
0x000000000225a000 	/usr/lib/system/libsystem_coretls.dylib
0x000000000225a000 	/usr/lib/system/libsystem_dnssd.dylib
0x000000000225a000 	/usr/lib/system/libsystem_info.dylib
0x000000000225a000 	/usr/lib/system/libsystem_kernel.dylib
0x000000000225a000 	/usr/lib/system/libsystem_m.dylib
0x000000000225a000 	/usr/lib/system/libsystem_malloc.dylib
0x000000000225a000 	/usr/lib/system/libsystem_network.dylib
0x000000000225a000 	/usr/lib/system/libsystem_networkextension.dylib
0x000000000225a000 	/usr/lib/system/libsystem_notify.dylib
0x000000000225a000 	/usr/lib/system/libsystem_platform.dylib
0x000000000225a000 	/usr/lib/system/libsystem_pthread.dylib
0x000000000225a000 	/usr/lib/system/libsystem_sandbox.dylib
0x000000000225a000 	/usr/lib/system/libsystem_secinit.dylib
0x000000000225a000 	/usr/lib/system/libsystem_stats.dylib
0x000000000225a000 	/usr/lib/system/libsystem_trace.dylib
0x000000000225a000 	/usr/lib/system/libunc.dylib
0x000000000225a000 	/usr/lib/system/libunwind.dylib
0x000000000225a000 	/usr/lib/system/libxpc.dylib
0x000000000225a000 	/usr/lib/libbz2.1.0.dylib
0x000000000225a000 	/usr/lib/liblzma.5.dylib
0x000000000225a000 	/usr/lib/libbsm.0.dylib
0x000000000225a000 	/usr/lib/libsqlite3.dylib
0x000000000225a000 	/usr/lib/system/libkxld.dylib
0x000000000225a000 	/usr/lib/libxar.1.dylib
0x000000000225a000 	/usr/lib/libpam.2.dylib
0x000000000225a000 	/usr/lib/libOpenScriptingUtil.dylib
0x000000000225a000 	/System/Library/Frameworks/CoreServices.framework/Versions/A/Frameworks/FSEvents.framework/Versions/A/FSEvents
0x000000000225a000 	/System/Library/Frameworks/CoreServices.framework/Versions/A/Frameworks/CarbonCore.framework/Versions/A/CarbonCore
0x000000000225a000 	/System/Library/Frameworks/CoreServices.framework/Versions/A/Frameworks/Metadata.framework/Versions/A/Metadata
0x000000000225a000 	/System/Library/Frameworks/CoreServices.framework/Versions/A/Frameworks/OSServices.framework/Versions/A/OSServices
0x000000000225a000 	/System/Library/Frameworks/CoreServices.framework/Versions/A/Frameworks/SearchKit.framework/Versions/A/SearchKit
0x000000000225a000 	/System/Library/Frameworks/CoreServices.framework/Versions/A/Frameworks/AE.framework/Versions/A/AE
0x000000000225a000 	/System/Library/Frameworks/CoreServices.framework/Versions/A/Frameworks/LaunchServices.framework/Versions/A/LaunchServices
0x000000000225a000 	/System/Library/Frameworks/CoreServices.framework/Versions/A/Frameworks/DictionaryServices.framework/Versions/A/DictionaryServices
0x000000000225a000 	/System/Library/Frameworks/NetFS.framework/Versions/A/NetFS
0x000000000225a000 	/System/Library/PrivateFrameworks/NetAuth.framework/Versions/A/NetAuth
0x000000000225a000 	/System/Library/PrivateFrameworks/login.framework/Versions/A/Frameworks/loginsupport.framework/Versions/A/loginsupport
0x000000000225a000 	/System/Library/PrivateFrameworks/TCC.framework/Versions/A/TCC
0x000000000225a000 	/usr/lib/libmecabra.dylib
0x000000000225a000 	/System/Library/PrivateFrameworks/LanguageModeling.framework/Versions/A/LanguageModeling
0x000000000225a000 	/usr/lib/libcmph.dylib
0x000000000225a000 	/usr/lib/libiconv.2.dylib
0x000000000225a000 	/System/Library/Frameworks/OpenDirectory.framework/Versions/A/Frameworks/CFOpenDirectory.framework/Versions/A/CFOpenDirectory
0x000000000225a000 	/System/Library/Frameworks/ServiceManagement.framework/Versions/A/ServiceManagement
0x000000000225a000 	/usr/lib/libxslt.1.dylib
0x000000000225a000 	/System/Library/Frameworks/Carbon.framework/Versions/A/Frameworks/Ink.framework/Versions/A/Ink
0x000000000225a000 	/System/Library/Frameworks/ApplicationServices.framework/Versions/A/Frameworks/ATS.framework/Versions/A/ATS
0x000000000225a000 	/System/Library/Frameworks/ApplicationServices.framework/Versions/A/Frameworks/ColorSync.framework/Versions/A/ColorSync
0x000000000225a000 	/System/Library/Frameworks/ApplicationServices.framework/Versions/A/Frameworks/HIServices.framework/Versions/A/HIServices
0x000000000225a000 	/System/Library/Frameworks/ApplicationServices.framework/Versions/A/Frameworks/LangAnalysis.framework/Versions/A/LangAnalysis
0x000000000225a000 	/System/Library/Frameworks/ApplicationServices.framework/Versions/A/Frameworks/PrintCore.framework/Versions/A/PrintCore
0x000000000225a000 	/System/Library/Frameworks/ApplicationServices.framework/Versions/A/Frameworks/QD.framework/Versions/A/QD
0x000000000225a000 	/System/Library/Frameworks/ApplicationServices.framework/Versions/A/Frameworks/SpeechSynthesis.framework/Versions/A/SpeechSynthesis
0x000000000225a000 	/System/Library/Frameworks/Accelerate.framework/Versions/A/Accelerate
0x000000000225a000 	/System/Library/Frameworks/Accelerate.framework/Versions/A/Frameworks/vImage.framework/Versions/A/vImage
0x000000000225a000 	/System/Library/Frameworks/Accelerate.framework/Versions/A/Frameworks/vecLib.framework/Versions/A/vecLib
0x000000000225a000 	/System/Library/Frameworks/Accelerate.framework/Versions/A/Frameworks/vecLib.framework/Versions/A/libvDSP.dylib
0x000000000225a000 	/System/Library/Frameworks/Accelerate.framework/Versions/A/Frameworks/vecLib.framework/Versions/A/libvMisc.dylib
0x000000000225a000 	/System/Library/Frameworks/Accelerate.framework/Versions/A/Frameworks/vecLib.framework/Versions/A/libLAPACK.dylib
0x000000000225a000 	/System/Library/Frameworks/Accelerate.framework/Versions/A/Frameworks/vecLib.framework/Versions/A/libBLAS.dylib
0x000000000225a000 	/System/Library/Frameworks/Accelerate.framework/Versions/A/Frameworks/vecLib.framework/Versions/A/libLinearAlgebra.dylib
0x000000000225a000 	/System/Library/Frameworks/ApplicationServices.framework/Versions/A/Frameworks/ATS.framework/Versions/A/Resources/libFontParser.dylib
0x000000000225a000 	/System/Library/Frameworks/ApplicationServices.framework/Versions/A/Frameworks/ATS.framework/Versions/A/Resources/libFontRegistry.dylib
0x000000000225a000 	/System/Library/PrivateFrameworks/AppleVPA.framework/Versions/A/AppleVPA
0x000000000225a000 	/System/Library/PrivateFrameworks/AppleJPEG.framework/Versions/A/AppleJPEG
0x000000000225a000 	/System/Library/Frameworks/ImageIO.framework/Versions/A/Resources/libJPEG.dylib
0x000000000225a000 	/System/Library/Frameworks/ImageIO.framework/Versions/A/Resources/libTIFF.dylib
0x000000000225a000 	/System/Library/Frameworks/ImageIO.framework/Versions/A/Resources/libPng.dylib
0x000000000225a000 	/System/Library/Frameworks/ImageIO.framework/Versions/A/Resources/libGIF.dylib
0x000000000225a000 	/System/Library/Frameworks/ImageIO.framework/Versions/A/Resources/libJP2.dylib
0x000000000225a000 	/System/Library/Frameworks/ImageIO.framework/Versions/A/Resources/libRadiance.dylib
0x000000000225a000 	/System/Library/Frameworks/CoreVideo.framework/Versions/A/CoreVideo
0x000000000225a000 	/System/Library/Frameworks/OpenGL.framework/Versions/A/Libraries/libGLU.dylib
0x000000000225a000 	/System/Library/Frameworks/OpenGL.framework/Versions/A/Libraries/libGFXShared.dylib
0x000000000225a000 	/System/Library/Frameworks/OpenGL.framework/Versions/A/Libraries/libGL.dylib
0x000000000225a000 	/System/Library/Frameworks/OpenGL.framework/Versions/A/Libraries/libGLImage.dylib
0x000000000225a000 	/System/Library/Frameworks/OpenGL.framework/Versions/A/Libraries/libCVMSPluginSupport.dylib
0x000000000225a000 	/System/Library/Frameworks/OpenGL.framework/Versions/A/Libraries/libCoreVMClient.dylib
0x000000000225a000 	/usr/lib/libcups.2.dylib
0x000000000225a000 	/System/Library/Frameworks/Kerberos.framework/Versions/A/Kerberos
0x000000000225a000 	/System/Library/Frameworks/GSS.framework/Versions/A/GSS
0x000000000225a000 	/usr/lib/libresolv.9.dylib
0x000000000225a000 	/System/Library/PrivateFrameworks/Heimdal.framework/Versions/A/Heimdal
0x000000000225a000 	/usr/lib/libheimdal-asn1.dylib
0x000000000225a000 	/System/Library/Frameworks/OpenDirectory.framework/Versions/A/OpenDirectory
0x000000000225a000 	/System/Library/PrivateFrameworks/CommonAuth.framework/Versions/A/CommonAuth
0x000000000225a000 	/System/Library/Frameworks/SecurityFoundation.framework/Versions/A/SecurityFoundation
0x000000000225a000 	/System/Library/Frameworks/QuartzCore.framework/Versions/A/Frameworks/CoreImage.framework/Versions/A/CoreImage
0x000000000225a000 	/System/Library/PrivateFrameworks/CrashReporterSupport.framework/Versions/A/CrashReporterSupport
0x000000000225a000 	/System/Library/Frameworks/OpenCL.framework/Versions/A/OpenCL
0x000000000225a000 	/System/Library/PrivateFrameworks/FaceCore.framework/Versions/A/FaceCore
0x000000000225a000 	/System/Library/PrivateFrameworks/Ubiquity.framework/Versions/A/Ubiquity
0x000000000225a000 	/System/Library/PrivateFrameworks/IconServices.framework/Versions/A/IconServices
0x000000000225a000 	/System/Library/PrivateFrameworks/ChunkingLibrary.framework/Versions/A/ChunkingLibrary
0x000000000225a000 	/System/Library/PrivateFrameworks/Apple80211.framework/Versions/A/Apple80211
0x000000000225a000 	/System/Library/Frameworks/CoreWLAN.framework/Versions/A/CoreWLAN
0x000000000225a000 	/System/Library/Frameworks/IOBluetooth.framework/Versions/A/IOBluetooth
0x000000000225a000 	/System/Library/PrivateFrameworks/CoreWiFi.framework/Versions/A/CoreWiFi
0x000000000225a000 	/System/Library/Frameworks/CoreBluetooth.framework/Versions/A/CoreBluetooth
0x000000000225a000 	/System/Library/PrivateFrameworks/DebugSymbols.framework/Versions/A/DebugSymbols
0x000000000225a000 	/System/Library/PrivateFrameworks/CoreSymbolication.framework/Versions/A/CoreSymbolication
0x000000000225a000 	/System/Library/PrivateFrameworks/Symbolication.framework/Versions/A/Symbolication
0x000000000225a000 	/System/Library/PrivateFrameworks/SpeechRecognitionCore.framework/Versions/A/SpeechRecognitionCore
0x000000010df49000 	/Library/Java/JavaVirtualMachines/jdk1.7.0_79.jdk/Contents/Home/jre/lib/server/libjvm.dylib
0x000000000225a000 	/usr/lib/libstdc++.6.dylib
0x000000010eaaf000 	/Library/Java/JavaVirtualMachines/jdk1.7.0_79.jdk/Contents/Home/jre/lib/libverify.dylib
0x000000010eabc000 	/Library/Java/JavaVirtualMachines/jdk1.7.0_79.jdk/Contents/Home/jre/lib/libjava.dylib
0x000000010eaed000 	/Library/Java/JavaVirtualMachines/jdk1.7.0_79.jdk/Contents/Home/jre/lib/libjdwp.dylib
0x000000010eb2a000 	/Library/Java/JavaVirtualMachines/jdk1.7.0_79.jdk/Contents/Home/jre/lib/libnpt.dylib
0x000000010eb2e000 	/Library/Java/JavaVirtualMachines/jdk1.7.0_79.jdk/Contents/Home/jre/lib/libinstrument.dylib
0x000000010eb89000 	/Library/Java/JavaVirtualMachines/jdk1.7.0_79.jdk/Contents/Home/jre/lib/libzip.dylib
0x000000019de84000 	/System/Library/Frameworks/JavaVM.framework/Frameworks/JavaRuntimeSupport.framework/JavaRuntimeSupport
0x000000019de9c000 	/System/Library/Frameworks/JavaVM.framework/Versions/A/Frameworks/JavaNativeFoundation.framework/Versions/A/JavaNativeFoundation
0x00000001977ee000 	/System/Library/Frameworks/JavaVM.framework/Versions/A/JavaVM
0x000000000225a000 	/System/Library/Frameworks/Carbon.framework/Versions/A/Carbon
0x000000019deb1000 	/System/Library/PrivateFrameworks/JavaLaunching.framework/Versions/A/JavaLaunching
0x000000000225a000 	/System/Library/Frameworks/Carbon.framework/Versions/A/Frameworks/CommonPanels.framework/Versions/A/CommonPanels
0x000000000225a000 	/System/Library/Frameworks/Carbon.framework/Versions/A/Frameworks/Help.framework/Versions/A/Help
0x000000000225a000 	/System/Library/Frameworks/Carbon.framework/Versions/A/Frameworks/ImageCapture.framework/Versions/A/ImageCapture
0x000000000225a000 	/System/Library/Frameworks/Carbon.framework/Versions/A/Frameworks/OpenScripting.framework/Versions/A/OpenScripting
0x000000000225a000 	/System/Library/Frameworks/Carbon.framework/Versions/A/Frameworks/Print.framework/Versions/A/Print
0x000000000225a000 	/System/Library/Frameworks/Carbon.framework/Versions/A/Frameworks/SecurityHI.framework/Versions/A/SecurityHI
0x000000019dfc3000 	/Library/Java/JavaVirtualMachines/jdk1.7.0_79.jdk/Contents/Home/jre/lib/libdt_socket.dylib
0x00000001a00bb000 	/Library/Java/JavaVirtualMachines/jdk1.7.0_79.jdk/Contents/Home/jre/lib/libnio.dylib
0x00000001a00ca000 	/Library/Java/JavaVirtualMachines/jdk1.7.0_79.jdk/Contents/Home/jre/lib/./libnet.dylib

VM Arguments:
jvm_args: -agentlib:jdwp=transport=dt_socket,address=127.0.0.1:61761,suspend=y,server=n -javaagent:/Users/admin/Library/Caches/IdeaIC14/groovyHotSwap/gragent.jar -Dfile.encoding=UTF-8 
java_command: DataGen /Users/admin/Dev/IR/dev/IrPOC.git/IRDataGen/simulation-data /Users/admin/Dev/IR/dev/IrPOC.git/IRDataGen/simulation-data
Launcher Type: SUN_STANDARD

Environment Variables:
PATH=/usr/local/bin:/usr/bin:/bin:/usr/sbin:/sbin:/usr/local/git/bin:/usr/local/git/bin/
SHELL=/bin/bash

Signal Handlers:
SIGSEGV: [libjvm.dylib+0x52daf1], sa_mask[0]=0xfffefeff, sa_flags=0x00000043
SIGBUS: [libjvm.dylib+0x52daf1], sa_mask[0]=0xfffefeff, sa_flags=0x00000042
SIGFPE: [libjvm.dylib+0x41f34e], sa_mask[0]=0xfffefeff, sa_flags=0x00000042
SIGPIPE: [libjvm.dylib+0x41f34e], sa_mask[0]=0xfffefeff, sa_flags=0x00000042
SIGXFSZ: [libjvm.dylib+0x41f34e], sa_mask[0]=0xfffefeff, sa_flags=0x00000042
SIGILL: [libjvm.dylib+0x41f34e], sa_mask[0]=0xfffefeff, sa_flags=0x00000042
SIGUSR1: SIG_DFL, sa_mask[0]=0x00000000, sa_flags=0x00000000
SIGUSR2: [libjvm.dylib+0x41ee40], sa_mask[0]=0x00000004, sa_flags=0x00000042
SIGHUP: [libjvm.dylib+0x41d0d1], sa_mask[0]=0xfffefeff, sa_flags=0x00000042
SIGINT: [libjvm.dylib+0x41d0d1], sa_mask[0]=0xfffefeff, sa_flags=0x00000042
SIGTERM: [libjvm.dylib+0x41d0d1], sa_mask[0]=0xfffefeff, sa_flags=0x00000042
SIGQUIT: [libjvm.dylib+0x41d0d1], sa_mask[0]=0xfffefeff, sa_flags=0x00000042


---------------  S Y S T E M  ---------------

OS:Bsduname:Darwin 14.0.0 Darwin Kernel Version 14.0.0: Fri Sep 19 00:26:44 PDT 2014; root:xnu-2782.1.97~2/RELEASE_X86_64 x86_64
rlimit: STACK 8192k, CORE 0k, NPROC 709, NOFILE 10240, AS infinity
load average:5.25 4.55 4.37

CPU:total 4 (2 cores per cpu, 2 threads per core) family 6 model 69 stepping 1, cmov, cx8, fxsr, mmx, sse, sse2, sse3, ssse3, sse4.1, sse4.2, popcnt, avx, avx2, aes, erms, ht, tsc, tscinvbit

Memory: 4k page, physical 8388608k(2097152k free)

/proc/meminfo:


vm_info: Java HotSpot(TM) 64-Bit Server VM (24.79-b02) for bsd-amd64 JRE (1.7.0_79-b15), built on Apr 10 2015 11:35:04 by "java_re" with gcc 4.2.1 (Based on Apple Inc. build 5658) (LLVM build 2336.11.00)

time: Tue Nov 24 02:56:20 2015
elapsed time: 4233 seconds

